<?xml version="1.0" encoding="UTF-8"?>
<testsuite name="LatokenTest" tests="1" skipped="0" failures="0" errors="0" timestamp="2019-11-30T14:27:40" hostname="User-PC" time="7.955">
  <properties/>
  <testcase name="testLatokenSearch" classname="LatokenTest" time="7.955"/>
  <system-out><![CDATA[.\browser_screenshots\2019.11.30.17.27.48.jpg
]]></system-out>
  <system-err><![CDATA[1575124061481	mozrunner::runner	INFO	Running command: "C:\\Program Files\\Mozilla Firefox\\firefox.exe" "-marionette" "-foreground" "-no-remote" "-profile" "C:\\Users\\PROFES~1\\AppData\\Local\\Temp\\rust_mozprofileQ9ku1j"
1575124061880	addons.webextension.screenshots@mozilla.org	WARN	Loading extension 'screenshots@mozilla.org': Reading manifest: Invalid extension permission: mozillaAddons
1575124061880	addons.webextension.screenshots@mozilla.org	WARN	Loading extension 'screenshots@mozilla.org': Reading manifest: Invalid extension permission: telemetry
1575124061880	addons.webextension.screenshots@mozilla.org	WARN	Loading extension 'screenshots@mozilla.org': Reading manifest: Invalid extension permission: resource://pdf.js/
1575124061880	addons.webextension.screenshots@mozilla.org	WARN	Loading extension 'screenshots@mozilla.org': Reading manifest: Invalid extension permission: about:reader*
JavaScript error: resource://gre/modules/XULStore.jsm, line 66: Error: Can't find profile directory.
1575124063440	Marionette	INFO	Listening on port 5121
1575124063596	Marionette	WARN	TLS certificate errors will be ignored for this session
ноя 30, 2019 5:27:43 PM org.openqa.selenium.remote.ProtocolHandshake createSession
INFO: Detected dialect: W3C
]]></system-err>
</testsuite>
